<?xml version="1.0" encoding="UTF-8"?>
<testsuite xmlns:xsi="http://www.w3.org/2001/XMLSchema-instance" xsi:noNamespaceSchemaLocation="https://maven.apache.org/surefire/maven-surefire-plugin/xsd/surefire-test-report.xsd" name="CharityTest" time="1.375" tests="5" errors="0" skipped="0" failures="0">
  <properties>
[...]
</properties>
  <testcase name="testCharity1" classname="CharityTest" time="0.25"/>
  <testcase name="testCharity2" classname="CharityTest" time="0.266"/>
  <testcase name="testCharity3" classname="CharityTest" time="0.328"/>
  <testcase name="testCharity4" classname="CharityTest" time="0.281"/>
  <testcase name="testCharityFilter" classname="CharityTest" time="0.25"/>
</testsuite>